2022-09-06 09:00:19,841 - Starting CloudProjectCollectionApplication using Java 11.0.15.1 on PC-20220610QJHG with PID 5860 (D:\projects\myProject\cloud-project-collection\target\classes started by Administrator in D:\projects\myProject\cloud-project-collection)

2022-09-06 09:00:19,842 - The following profiles are active: dev

2022-09-06 09:00:19,841 - HV000001: Hibernate Validator 6.1.0.Final

2022-09-06 09:00:19,923 - Devtools property defaults active! Set 'spring.devtools.add-properties' to 'false' to disable

2022-09-06 09:00:19,923 - For additional web related logging consider setting the 'logging.level.web' property to 'DEBUG'

2022-09-06 09:00:21,798 - Multiple Spring Data modules found, entering strict repository configuration mode!

2022-09-06 09:00:21,802 - Bootstrapping Spring Data Redis repositories in DEFAULT mode.

2022-09-06 09:00:21,841 - Finished Spring Data repository scanning in 8 ms. Found 0 Redis repository interfaces.

2022-09-06 09:00:22,665 - Bean 'spring.datasource.dynamic-com.baomidou.dynamic.datasource.spring.boot.autoconfigure.DynamicDataSourceProperties' of type [com.baomidou.dynamic.datasource.spring.boot.autoconfigure.DynamicDataSourceProperties] is not eligible for getting processed by all BeanPostProcessors (for example: not eligible for auto-proxying)

2022-09-06 09:00:22,670 - Bean 'com.baomidou.dynamic.datasource.spring.boot.autoconfigure.DynamicDataSourceAutoConfiguration' of type [com.baomidou.dynamic.datasource.spring.boot.autoconfigure.DynamicDataSourceAutoConfiguration$$EnhancerBySpringCGLIB$$a7bebdbf] is not eligible for getting processed by all BeanPostProcessors (for example: not eligible for auto-proxying)

2022-09-06 09:00:22,696 - Bean 'dsProcessor' of type [com.baomidou.dynamic.datasource.processor.DsHeaderProcessor] is not eligible for getting processed by all BeanPostProcessors (for example: not eligible for auto-proxying)

2022-09-06 09:00:22,703 - Bean 'dynamicDatasourceAnnotationAdvisor' of type [com.baomidou.dynamic.datasource.aop.DynamicDataSourceAnnotationAdvisor] is not eligible for getting processed by all BeanPostProcessors (for example: not eligible for auto-proxying)

2022-09-06 09:00:23,582 - Tomcat initialized with port(s): 2201 (http)

2022-09-06 09:00:23,616 - Initializing ProtocolHandler ["http-nio-2201"]

2022-09-06 09:00:23,616 - Starting service [Tomcat]

2022-09-06 09:00:23,617 - Starting Servlet engine: [Apache Tomcat/9.0.63]

2022-09-06 09:00:23,719 - Initializing Spring embedded WebApplicationContext

2022-09-06 09:00:23,720 - Root WebApplicationContext: initialization completed in 3795 ms

2022-09-06 09:00:25,609 - Mapped URL path [/v2/api-docs] onto method [springfox.documentation.swagger2.web.Swagger2Controller#getDocumentation(String, HttpServletRequest)]

2022-09-06 09:00:26,006 - LiveReload server is running on port 35729

2022-09-06 09:00:26,697 - 

Using generated security password: 0aea07d4-d9ee-475c-9bac-22fb322b67a8


2022-09-06 09:00:26,914 - Will secure any request with [org.springframework.security.web.context.request.async.WebAsyncManagerIntegrationFilter@20c4f44c, org.springframework.security.web.context.SecurityContextPersistenceFilter@41ea8ecf, org.springframework.security.web.header.HeaderWriterFilter@5e4053c7, org.springframework.security.web.csrf.CsrfFilter@360f1d6e, org.springframework.security.web.authentication.logout.LogoutFilter@56d5e53b, org.springframework.security.web.authentication.UsernamePasswordAuthenticationFilter@578f067, org.springframework.security.web.authentication.ui.DefaultLoginPageGeneratingFilter@61ee44e3, org.springframework.security.web.authentication.ui.DefaultLogoutPageGeneratingFilter@1c260523, org.springframework.security.web.authentication.www.BasicAuthenticationFilter@7ef80b9f, org.springframework.security.web.savedrequest.RequestCacheAwareFilter@6ea6fb6b, org.springframework.security.web.servletapi.SecurityContextHolderAwareRequestFilter@762c062c, org.springframework.security.web.authentication.AnonymousAuthenticationFilter@6d83af58, org.springframework.security.web.session.SessionManagementFilter@6b668f0, org.springframework.security.web.access.ExceptionTranslationFilter@4fffff91, org.springframework.security.web.access.intercept.FilterSecurityInterceptor@69d92274]

2022-09-06 09:00:27,063 - Starting ProtocolHandler ["http-nio-2201"]

2022-09-06 09:00:27,096 - Tomcat started on port(s): 2201 (http) with context path ''

2022-09-06 09:00:27,097 - Context refreshed

2022-09-06 09:00:27,134 - Found 1 custom documentation plugin(s)

2022-09-06 09:00:27,163 - Scanning for api listing references

2022-09-06 09:00:27,319 - Started CloudProjectCollectionApplication in 8.661 seconds (JVM running for 13.517)

2022-09-06 09:13:46,439 - Initializing Spring DispatcherServlet 'dispatcherServlet'

2022-09-06 09:13:46,439 - Initializing Servlet 'dispatcherServlet'

2022-09-06 09:13:46,440 - Completed initialization in 1 ms

